Base path: /Applications/Unity/Unity.app/Contents
Cmd: initializeCompiler
Cmd: compileSnippet
  api=14 type=0 insize=1582 outsize=1542 kw= pd=UNITY_ENABLE_REFLECTION_BUFFERS UNITY_USE_DITHER_MASK_FOR_ALPHABLENDED_SHADOWS UNITY_PBS_USE_BRDF1 UNITY_SPECCUBE_BOX_PROJECTION UNITY_SPECCUBE_BLENDING UNITY_ENABLE_DETAIL_NORMALMAP SHADER_API_DESKTOP UNITY_COLORSPACE_GAMMA UNITY_LIGHT_PROBE_PROXY_VOLUME UNITY_LIGHTMAP_FULL_HDR ok=1
Cmd: compileSnippet
  api=14 type=1 insize=1582 outsize=947 kw= pd=UNITY_ENABLE_REFLECTION_BUFFERS UNITY_USE_DITHER_MASK_FOR_ALPHABLENDED_SHADOWS UNITY_PBS_USE_BRDF1 UNITY_SPECCUBE_BOX_PROJECTION UNITY_SPECCUBE_BLENDING UNITY_ENABLE_DETAIL_NORMALMAP SHADER_API_DESKTOP UNITY_COLORSPACE_GAMMA UNITY_LIGHT_PROBE_PROXY_VOLUME UNITY_LIGHTMAP_FULL_HDR ok=1
Cmd: initializeCompiler
Cmd: compileSnippet
  api=14 type=0 insize=1842 outsize=2437 kw= pd=UNITY_ENABLE_REFLECTION_BUFFERS UNITY_USE_DITHER_MASK_FOR_ALPHABLENDED_SHADOWS UNITY_PBS_USE_BRDF1 UNITY_SPECCUBE_BOX_PROJECTION UNITY_SPECCUBE_BLENDING UNITY_ENABLE_DETAIL_NORMALMAP SHADER_API_DESKTOP UNITY_COLORSPACE_GAMMA UNITY_LIGHT_PROBE_PROXY_VOLUME UNITY_LIGHTMAP_FULL_HDR ok=1
Cmd: compileSnippet
  api=14 type=1 insize=1842 outsize=1830 kw= pd=UNITY_ENABLE_REFLECTION_BUFFERS UNITY_USE_DITHER_MASK_FOR_ALPHABLENDED_SHADOWS UNITY_PBS_USE_BRDF1 UNITY_SPECCUBE_BOX_PROJECTION UNITY_SPECCUBE_BLENDING UNITY_ENABLE_DETAIL_NORMALMAP SHADER_API_DESKTOP UNITY_COLORSPACE_GAMMA UNITY_LIGHT_PROBE_PROXY_VOLUME UNITY_LIGHTMAP_FULL_HDR ok=1
Cmd: compileSnippet
  api=14 type=0 insize=1701 outsize=2474 kw= pd=UNITY_ENABLE_REFLECTION_BUFFERS UNITY_USE_DITHER_MASK_FOR_ALPHABLENDED_SHADOWS UNITY_PBS_USE_BRDF1 UNITY_SPECCUBE_BOX_PROJECTION UNITY_SPECCUBE_BLENDING UNITY_ENABLE_DETAIL_NORMALMAP SHADER_API_DESKTOP UNITY_COLORSPACE_GAMMA UNITY_LIGHT_PROBE_PROXY_VOLUME UNITY_LIGHTMAP_FULL_HDR ok=1
Cmd: compileSnippet
  api=14 type=1 insize=1701 outsize=1242 kw= pd=UNITY_ENABLE_REFLECTION_BUFFERS UNITY_USE_DITHER_MASK_FOR_ALPHABLENDED_SHADOWS UNITY_PBS_USE_BRDF1 UNITY_SPECCUBE_BOX_PROJECTION UNITY_SPECCUBE_BLENDING UNITY_ENABLE_DETAIL_NORMALMAP SHADER_API_DESKTOP UNITY_COLORSPACE_GAMMA UNITY_LIGHT_PROBE_PROXY_VOLUME UNITY_LIGHTMAP_FULL_HDR ok=1
Cmd: compileSnippet
  api=14 type=0 insize=16605 outsize=10161 kw=_SUNDISK_SIMPLE pd=UNITY_ENABLE_REFLECTION_BUFFERS UNITY_USE_DITHER_MASK_FOR_ALPHABLENDED_SHADOWS UNITY_PBS_USE_BRDF1 UNITY_SPECCUBE_BOX_PROJECTION UNITY_SPECCUBE_BLENDING UNITY_ENABLE_DETAIL_NORMALMAP SHADER_API_DESKTOP UNITY_COLORSPACE_GAMMA UNITY_LIGHT_PROBE_PROXY_VOLUME UNITY_LIGHTMAP_FULL_HDR ok=1
Cmd: compileSnippet
  api=14 type=1 insize=16605 outsize=1875 kw=_SUNDISK_SIMPLE pd=UNITY_ENABLE_REFLECTION_BUFFERS UNITY_USE_DITHER_MASK_FOR_ALPHABLENDED_SHADOWS UNITY_PBS_USE_BRDF1 UNITY_SPECCUBE_BOX_PROJECTION UNITY_SPECCUBE_BLENDING UNITY_ENABLE_DETAIL_NORMALMAP SHADER_API_DESKTOP UNITY_COLORSPACE_GAMMA UNITY_LIGHT_PROBE_PROXY_VOLUME UNITY_LIGHTMAP_FULL_HDR ok=1
Cmd: initializeCompiler
Cmd: initializeCompiler
Cmd: initializeCompiler
Cmd: initializeCompiler
Cmd: preprocessCompute
  insize=421 outsize=420 ok=1
Cmd: preprocessCompute
  insize=421 outsize=420 ok=1
Cmd: preprocessCompute
  insize=421 outsize=420 ok=1
Cmd: initializeCompiler
Cmd: compileSnippet
  api=14 type=0 insize=1878 outsize=2437 kw= pd=UNITY_ENABLE_REFLECTION_BUFFERS UNITY_USE_DITHER_MASK_FOR_ALPHABLENDED_SHADOWS UNITY_PBS_USE_BRDF1 UNITY_SPECCUBE_BOX_PROJECTION UNITY_SPECCUBE_BLENDING UNITY_ENABLE_DETAIL_NORMALMAP SHADER_API_DESKTOP UNITY_COLORSPACE_GAMMA UNITY_LIGHT_PROBE_PROXY_VOLUME UNITY_LIGHTMAP_FULL_HDR ok=1
Cmd: compileSnippet
  api=14 type=1 insize=1878 outsize=1824 kw= pd=UNITY_ENABLE_REFLECTION_BUFFERS UNITY_USE_DITHER_MASK_FOR_ALPHABLENDED_SHADOWS UNITY_PBS_USE_BRDF1 UNITY_SPECCUBE_BOX_PROJECTION UNITY_SPECCUBE_BLENDING UNITY_ENABLE_DETAIL_NORMALMAP SHADER_API_DESKTOP UNITY_COLORSPACE_GAMMA UNITY_LIGHT_PROBE_PROXY_VOLUME UNITY_LIGHTMAP_FULL_HDR ok=1
Cmd: initializeCompiler
Cmd: initializeCompiler
Cmd: initializeCompiler
Cmd: initializeCompiler
Cmd: initializeCompiler
Cmd: initializeCompiler
Cmd: initializeCompiler
Cmd: initializeCompiler
Cmd: initializeCompiler
Cmd: initializeCompiler
Cmd: initializeCompiler
Cmd: initializeCompiler
Cmd: initializeCompiler
Cmd: initializeCompiler
Cmd: initializeCompiler
Cmd: initializeCompiler
Cmd: initializeCompiler
Cmd: initializeCompiler
Cmd: initializeCompiler
Cmd: initializeCompiler
Cmd: initializeCompiler
Cmd: initializeCompiler
Cmd: preprocessCompute
  insize=1554 outsize=1553 ok=1
Cmd: initializeCompiler
Cmd: preprocessCompute
  insize=1303 outsize=1302 ok=1
Cmd: compileComputeKernel
  api=14 insize=1302 outsize=1569 ok=1
Cmd: initializeCompiler
Cmd: preprocessCompute
  insize=1554 outsize=1553 ok=1
Cmd: compileSnippet
  api=14 type=0 insize=4971 outsize=2521 kw= pd=UNITY_ENABLE_REFLECTION_BUFFERS UNITY_USE_DITHER_MASK_FOR_ALPHABLENDED_SHADOWS UNITY_PBS_USE_BRDF1 UNITY_SPECCUBE_BOX_PROJECTION UNITY_SPECCUBE_BLENDING UNITY_ENABLE_DETAIL_NORMALMAP SHADER_API_DESKTOP UNITY_COLORSPACE_GAMMA UNITY_LIGHT_PROBE_PROXY_VOLUME UNITY_LIGHTMAP_FULL_HDR ok=1
Cmd: compileSnippet
  api=14 type=1 insize=4971 outsize=6314 kw= pd=UNITY_ENABLE_REFLECTION_BUFFERS UNITY_USE_DITHER_MASK_FOR_ALPHABLENDED_SHADOWS UNITY_PBS_USE_BRDF1 UNITY_SPECCUBE_BOX_PROJECTION UNITY_SPECCUBE_BLENDING UNITY_ENABLE_DETAIL_NORMALMAP SHADER_API_DESKTOP UNITY_COLORSPACE_GAMMA UNITY_LIGHT_PROBE_PROXY_VOLUME UNITY_LIGHTMAP_FULL_HDR ok=1
Cmd: initializeCompiler
Cmd: initializeCompiler
Cmd: initializeCompiler
Cmd: initializeCompiler
Cmd: initializeCompiler
Cmd: initializeCompiler
Cmd: preprocessCompute
  insize=1833 outsize=1832 ok=1
Cmd: initializeCompiler
Cmd: initializeCompiler
Cmd: initializeCompiler
Cmd: initializeCompiler
Cmd: preprocessCompute
  insize=2101 outsize=2100 ok=1
Cmd: initializeCompiler
Cmd: preprocessCompute
  insize=2959 outsize=2958 ok=1
Cmd: compileComputeKernel
  api=14 insize=2958 outsize=3217 ok=1
Cmd: translateComputeKernel
  api=14 insize=3217 outsize=4685 ok=1
Cmd: initializeCompiler
Cmd: initializeCompiler
Cmd: initializeCompiler
Cmd: preprocessCompute
  insize=3678 outsize=3677 ok=1
Cmd: compileComputeKernel
  error: 2 plat 14 at RayTracingShader.compute(63): undeclared identifier 'IntersectSphere'
  api=14 insize=3677 outsize=0 ok=0
Cmd: initializeCompiler
Cmd: preprocessCompute
  insize=3678 outsize=3677 ok=1
Cmd: initializeCompiler
Cmd: preprocessCompute
  insize=3674 outsize=3673 ok=1
Cmd: initializeCompiler
Cmd: preprocessCompute
  insize=3676 outsize=3675 ok=1
Cmd: compileComputeKernel
  api=14 insize=3675 outsize=3925 ok=1
Cmd: initializeCompiler
Cmd: preprocess
  insize=1175 outsize=304 ok=1
Cmd: compileSnippet
  api=14 type=0 insize=1308 outsize=1463 kw= pd=UNITY_ENABLE_REFLECTION_BUFFERS UNITY_USE_DITHER_MASK_FOR_ALPHABLENDED_SHADOWS UNITY_PBS_USE_BRDF1 UNITY_SPECCUBE_BOX_PROJECTION UNITY_SPECCUBE_BLENDING UNITY_ENABLE_DETAIL_NORMALMAP SHADER_API_DESKTOP UNITY_COLORSPACE_GAMMA UNITY_LIGHT_PROBE_PROXY_VOLUME UNITY_LIGHTMAP_FULL_HDR ok=1
Cmd: compileSnippet
  api=14 type=1 insize=1308 outsize=893 kw= pd=UNITY_ENABLE_REFLECTION_BUFFERS UNITY_USE_DITHER_MASK_FOR_ALPHABLENDED_SHADOWS UNITY_PBS_USE_BRDF1 UNITY_SPECCUBE_BOX_PROJECTION UNITY_SPECCUBE_BLENDING UNITY_ENABLE_DETAIL_NORMALMAP SHADER_API_DESKTOP UNITY_COLORSPACE_GAMMA UNITY_LIGHT_PROBE_PROXY_VOLUME UNITY_LIGHTMAP_FULL_HDR ok=1
Cmd: initializeCompiler
Cmd: preprocess
  insize=1135 outsize=346 ok=1
Cmd: compileSnippet
  error: 2 plat 14 at (45): undeclared identifier '_Sample'\nCompiling Vertex program
Platform defines: UNITY_ENABLE_REFLECTION_BUFFERS UNITY_USE_DITHER_MASK_FOR_ALPHABLENDED_SHADOWS UNITY_PBS_USE_BRDF1 UNITY_SPECCUBE_BOX_PROJECTION UNITY_SPECCUBE_BLENDING UNITY_ENABLE_DETAIL_NORMALMAP SHADER_API_DESKTOP UNITY_COLORSPACE_GAMMA UNITY_LIGHT_PROBE_PROXY_VOLUME UNITY_LIGHTMAP_FULL_HDR
  api=14 type=0 insize=1227 outsize=0 kw= pd=UNITY_ENABLE_REFLECTION_BUFFERS UNITY_USE_DITHER_MASK_FOR_ALPHABLENDED_SHADOWS UNITY_PBS_USE_BRDF1 UNITY_SPECCUBE_BOX_PROJECTION UNITY_SPECCUBE_BLENDING UNITY_ENABLE_DETAIL_NORMALMAP SHADER_API_DESKTOP UNITY_COLORSPACE_GAMMA UNITY_LIGHT_PROBE_PROXY_VOLUME UNITY_LIGHTMAP_FULL_HDR ok=0
Cmd: preprocessCompute
  insize=3694 outsize=3693 ok=1
Cmd: preprocess
  insize=1163 outsize=346 ok=1
Cmd: compileSnippet
  api=14 type=0 insize=1255 outsize=1463 kw= pd=UNITY_ENABLE_REFLECTION_BUFFERS UNITY_USE_DITHER_MASK_FOR_ALPHABLENDED_SHADOWS UNITY_PBS_USE_BRDF1 UNITY_SPECCUBE_BOX_PROJECTION UNITY_SPECCUBE_BLENDING UNITY_ENABLE_DETAIL_NORMALMAP SHADER_API_DESKTOP UNITY_COLORSPACE_GAMMA UNITY_LIGHT_PROBE_PROXY_VOLUME UNITY_LIGHTMAP_FULL_HDR ok=1
Cmd: compileSnippet
  api=14 type=1 insize=1255 outsize=1035 kw= pd=UNITY_ENABLE_REFLECTION_BUFFERS UNITY_USE_DITHER_MASK_FOR_ALPHABLENDED_SHADOWS UNITY_PBS_USE_BRDF1 UNITY_SPECCUBE_BOX_PROJECTION UNITY_SPECCUBE_BLENDING UNITY_ENABLE_DETAIL_NORMALMAP SHADER_API_DESKTOP UNITY_COLORSPACE_GAMMA UNITY_LIGHT_PROBE_PROXY_VOLUME UNITY_LIGHTMAP_FULL_HDR ok=1
Cmd: initializeCompiler
Cmd: initializeCompiler
Cmd: initializeCompiler
Cmd: initializeCompiler
Cmd: initializeCompiler
Cmd: initializeCompiler
Cmd: initializeCompiler
Cmd: initializeCompiler
Cmd: initializeCompiler
Cmd: initializeCompiler
Cmd: initializeCompiler
Cmd: preprocessCompute
  insize=3945 outsize=3944 ok=1
Cmd: initializeCompiler
Cmd: preprocessCompute
  insize=4241 outsize=4240 ok=1
Cmd: compileComputeKernel
  api=14 insize=4240 outsize=4605 ok=1
Cmd: initializeCompiler
Cmd: preprocessCompute
  insize=4349 outsize=4348 ok=1
Cmd: compileComputeKernel
  api=14 insize=4348 outsize=4733 ok=1
Cmd: initializeCompiler
Cmd: initializeCompiler
Cmd: initializeCompiler
Cmd: preprocessCompute
  insize=4440 outsize=4439 ok=1
Cmd: translateComputeKernel
  api=14 insize=4937 outsize=8445 ok=1
Cmd: initializeCompiler
Cmd: initializeCompiler
Cmd: initializeCompiler
Cmd: initializeCompiler
Cmd: initializeCompiler
Cmd: preprocessCompute
  insize=4436 outsize=4435 ok=1
Cmd: initializeCompiler
Cmd: preprocessCompute
  insize=4432 outsize=4431 ok=1
Cmd: initializeCompiler
Cmd: preprocessCompute
  insize=4432 outsize=4431 ok=1
Cmd: initializeCompiler
Cmd: initializeCompiler
Cmd: initializeCompiler
Cmd: initializeCompiler
Cmd: initializeCompiler
Cmd: initializeCompiler
Cmd: initializeCompiler
Cmd: preprocessCompute
  insize=4436 outsize=4435 ok=1
Cmd: compileComputeKernel
  api=14 insize=4435 outsize=4921 ok=1
Cmd: translateComputeKernel
  api=14 insize=4921 outsize=8445 ok=1
Cmd: initializeCompiler
Cmd: preprocessCompute
  insize=4437 outsize=4436 ok=1
Cmd: compileComputeKernel
  api=14 insize=4436 outsize=4921 ok=1
Cmd: translateComputeKernel
  api=14 insize=4921 outsize=8445 ok=1
Cmd: initializeCompiler
Cmd: initializeCompiler
Cmd: initializeCompiler
Cmd: initializeCompiler
Cmd: initializeCompiler
Cmd: initializeCompiler
Cmd: preprocessCompute
  insize=4506 outsize=4505 ok=1
Cmd: preprocessCompute
  insize=4508 outsize=4507 ok=1
Cmd: compileComputeKernel
  api=14 insize=4507 outsize=5157 ok=1
Cmd: initializeCompiler
Cmd: preprocessCompute
  insize=4511 outsize=4510 ok=1
Cmd: initializeCompiler
Cmd: preprocessCompute
  insize=4509 outsize=4508 ok=1
Cmd: compileComputeKernel
  api=14 insize=4508 outsize=5153 ok=1
Cmd: initializeCompiler
Cmd: preprocessCompute
  insize=4510 outsize=4509 ok=1
Cmd: initializeCompiler
Cmd: preprocessCompute
  insize=4510 outsize=4509 ok=1
Cmd: compileComputeKernel
  api=14 insize=4509 outsize=5153 ok=1
Cmd: initializeCompiler
Cmd: preprocessCompute
  insize=4516 outsize=4515 ok=1
Cmd: compileComputeKernel
  error: 1 plat 14 at RayTracingShader.compute(90): imaginary square root
  api=14 insize=4515 outsize=5345 ok=1
Cmd: translateComputeKernel
  api=14 insize=5345 outsize=9425 ok=1
Cmd: initializeCompiler
Cmd: preprocessCompute
  insize=4525 outsize=4524 ok=1
Cmd: compileComputeKernel
  error: 1 plat 14 at RayTracingShader.compute(90): integer divides may be much slower, try using uints if possible.
  api=14 insize=4524 outsize=5377 ok=1
Cmd: initializeCompiler
Cmd: preprocessCompute
  insize=4523 outsize=4522 ok=1
Cmd: initializeCompiler
Cmd: preprocessCompute
  insize=4523 outsize=4522 ok=1
Cmd: preprocessCompute
  insize=4533 outsize=4532 ok=1
Cmd: initializeCompiler
Cmd: preprocessCompute
  insize=4577 outsize=4576 ok=1
Cmd: initializeCompiler
Cmd: preprocessCompute
  insize=4574 outsize=4573 ok=1
Cmd: compileComputeKernel
  api=14 insize=4573 outsize=5293 ok=1
Cmd: initializeCompiler
Cmd: preprocessCompute
  insize=4526 outsize=4525 ok=1
Cmd: translateComputeKernel
  api=14 insize=5229 outsize=9261 ok=1
Cmd: initializeCompiler
Cmd: preprocessCompute
  insize=4527 outsize=4526 ok=1
Cmd: initializeCompiler
Cmd: preprocessCompute
  insize=4510 outsize=4509 ok=1
Cmd: compileComputeKernel
  api=14 insize=4509 outsize=5153 ok=1
Cmd: initializeCompiler
Cmd: initializeCompiler
Cmd: initializeCompiler
Cmd: initializeCompiler
Cmd: initializeCompiler
Cmd: initializeCompiler
Cmd: initializeCompiler
Cmd: initializeCompiler
Cmd: initializeCompiler
Cmd: preprocessCompute
  insize=4556 outsize=4555 ok=1
Cmd: preprocessCompute
  insize=4999 outsize=4998 ok=1
Cmd: compileComputeKernel
  error: 2 plat 14 at RayTracingShader.compute(111): undeclared identifier 'flase'
  api=14 insize=4998 outsize=0 ok=0
Cmd: initializeCompiler
Cmd: initializeCompiler
Cmd: preprocessCompute
  insize=5020 outsize=5019 ok=1
Cmd: compileComputeKernel
  error: 1 plat 14 at RayTracingShader.compute(118): use of potentially uninitialized variable (Shade)
  api=14 insize=5019 outsize=6493 ok=1
Cmd: initializeCompiler
Cmd: preprocessCompute
  insize=4999 outsize=4998 ok=1
Cmd: initializeCompiler
Cmd: preprocessCompute
  insize=5002 outsize=5001 ok=1
Cmd: compileComputeKernel
  error: 1 plat 14 at RayTracingShader.compute(118): use of potentially uninitialized variable (Shade)
  api=14 insize=5001 outsize=6493 ok=1
Cmd: translateComputeKernel
  api=14 insize=6493 outsize=12161 ok=1
Cmd: initializeCompiler
Cmd: initializeCompiler
Cmd: initializeCompiler
Cmd: initializeCompiler
Cmd: initializeCompiler
Cmd: initializeCompiler
Cmd: initializeCompiler
Cmd: initializeCompiler
Cmd: initializeCompiler
Cmd: initializeCompiler
Cmd: initializeCompiler
Cmd: initializeCompiler
Cmd: initializeCompiler
Cmd: initializeCompiler
Cmd: initializeCompiler
